[2026-06-05T20:46:32.092Z] GET http://localhost:8000/ → 200 (57ms, 6447B)
[2026-06-05T20:46:32.223Z] GET http://localhost:8000/style.css → 200 (6ms, 10405B)
[2026-06-05T20:46:32.224Z] GET http://localhost:8000/boz-logo.png → 200 (4ms, 33589B)
[2026-06-05T20:46:32.224Z] GET http://localhost:8000/image1.jpg → 200 (7ms, 186971B)
[2026-06-05T20:46:32.224Z] GET http://localhost:8000/image2.jpg → 200 (9ms, 103101B)
[2026-06-05T20:46:32.224Z] GET http://localhost:8000/image3.jpg → 200 (9ms, 67377B)
[2026-06-05T20:46:32.224Z] GET http://localhost:8000/image4.jpg → 200 (9ms, 78651B)
[2026-06-05T20:46:32.224Z] GET http://localhost:8000/phone-icon.png → 200 (20ms, 595B)
[2026-06-05T20:46:32.224Z] GET http://localhost:8000/whatsapp-icon.png → 200 (21ms, 14140B)
[2026-06-05T20:46:32.224Z] GET http://localhost:8000/email-icon.png → 200 (21ms, 11380B)
[2026-06-05T20:46:32.224Z] GET http://localhost:8000/script.js → 200 (43ms, 1099B)
[2026-06-05T20:46:32.287Z] GET http://localhost:8000/background.jpg → 200 (?ms, 782388B)
[2026-06-05T20:46:35.286Z] GET http://localhost:8000/image-2.jpg → 200 (2ms, 673055B)
[2026-06-05T20:46:38.283Z] GET http://localhost:8000/image-3.jpg → 200 (3ms, 230806B)
[2026-06-05T20:46:41.282Z] GET http://localhost:8000/image-4.jpg → 200 (6ms, 247384B)
[2026-06-05T20:46:44.283Z] GET http://localhost:8000/image-1.jpg → 200 (1ms, 308482B)
[2026-06-05T20:47:05.291Z] GET http://localhost:8000/image-4.jpg → 200 (?ms, -190B)
[2026-06-05T20:47:08.284Z] GET http://localhost:8000/image-1.jpg → 200 (1ms, -190B)
[2026-06-05T20:47:14.283Z] GET http://localhost:8000/image-3.jpg → 200 (1ms, -190B)
[2026-06-05T20:47:17.289Z] GET http://localhost:8000/image-4.jpg → 200 (?ms, -190B)
